<?xml version="1.0" encoding="UTF-8"?>
<testsuite name="com.kodilla.spring.forum.ForumUserTestSuite" tests="1" skipped="0" failures="0" errors="0" timestamp="2019-08-01T16:36:12" hostname="DESKTOP-GJGJAGF" time="0.204">
  <properties/>
  <testcase name="testGetUserName" classname="com.kodilla.spring.forum.ForumUserTestSuite" time="0.204"/>
  <system-out><![CDATA[2019-08-01 18:36:12.483  INFO 7740 --- [    Test worker] .b.t.c.SpringBootTestContextBootstrapper : Neither @ContextConfiguration nor @ContextHierarchy found for test class [com.kodilla.spring.forum.ForumUserTestSuite], using SpringBootContextLoader
2019-08-01 18:36:12.485  INFO 7740 --- [    Test worker] o.s.t.c.support.AbstractContextLoader    : Could not detect default resource locations for test class [com.kodilla.spring.forum.ForumUserTestSuite]: no resource found for suffixes {-context.xml, Context.groovy}.
2019-08-01 18:36:12.485  INFO 7740 --- [    Test worker] t.c.s.AnnotationConfigContextLoaderUtils : Could not detect default configuration classes for test class [com.kodilla.spring.forum.ForumUserTestSuite]: ForumUserTestSuite does not declare any static, non-private, non-final, nested classes annotated with @Configuration.
2019-08-01 18:36:12.503  INFO 7740 --- [    Test worker] .b.t.c.SpringBootTestContextBootstrapper : Found @SpringBootConfiguration com.kodilla.spring.SpringRunner for test class com.kodilla.spring.forum.ForumUserTestSuite
2019-08-01 18:36:12.511  INFO 7740 --- [    Test worker] .b.t.c.SpringBootTestContextBootstrapper : Loaded default TestExecutionListener class names from location [META-INF/spring.factories]: [org.springframework.boot.test.autoconfigure.restdocs.RestDocsTestExecutionListener, org.springframework.boot.test.autoconfigure.web.client.MockRestServiceServerResetTestExecutionListener, org.springframework.boot.test.autoconfigure.web.servlet.MockMvcPrintOnlyOnFailureTestExecutionListener, org.springframework.boot.test.autoconfigure.web.servlet.WebDriverTestExecutionListener, org.springframework.boot.test.mock.mockito.MockitoTestExecutionListener, org.springframework.boot.test.mock.mockito.ResetMocksTestExecutionListener, org.springframework.test.context.web.ServletTestExecutionListener, org.springframework.test.context.support.DirtiesContextBeforeModesTestExecutionListener, org.springframework.test.context.support.DependencyInjectionTestExecutionListener, org.springframework.test.context.support.DirtiesContextTestExecutionListener, org.springframework.test.context.transaction.TransactionalTestExecutionListener, org.springframework.test.context.jdbc.SqlScriptsTestExecutionListener]
2019-08-01 18:36:12.514  INFO 7740 --- [    Test worker] .b.t.c.SpringBootTestContextBootstrapper : Using TestExecutionListeners: [org.springframework.test.context.support.DirtiesContextBeforeModesTestExecutionListener@192b3699, org.springframework.boot.test.mock.mockito.MockitoTestExecutionListener@52f50461, org.springframework.boot.test.autoconfigure.SpringBootDependencyInjectionTestExecutionListener@42db3676, org.springframework.test.context.support.DirtiesContextTestExecutionListener@57ddca6a, org.springframework.boot.test.autoconfigure.restdocs.RestDocsTestExecutionListener@1702a1f6, org.springframework.boot.test.autoconfigure.web.client.MockRestServiceServerResetTestExecutionListener@6d2e797b, org.springframework.boot.test.autoconfigure.web.servlet.MockMvcPrintOnlyOnFailureTestExecutionListener@765d8a2e, org.springframework.boot.test.autoconfigure.web.servlet.WebDriverTestExecutionListener@4f6a8015, org.springframework.boot.test.mock.mockito.ResetMocksTestExecutionListener@4d65951f]
]]></system-out>
  <system-err><![CDATA[]]></system-err>
</testsuite>
