<?xml version="1.0" encoding="UTF-8"?>
<testsuite name="com.kodilla.testing.collection.CollectionTestSuite" tests="2" skipped="0" failures="0" errors="0" timestamp="2019-08-03T12:49:33" hostname="DESKTOP-GJGJAGF" time="0.008">
  <properties/>
  <testcase name="testList" classname="com.kodilla.testing.collection.CollectionTestSuite" time="0.007"/>
  <testcase name="testCaseEmptyList" classname="com.kodilla.testing.collection.CollectionTestSuite" time="0.0"/>
  <system-out><![CDATA[Test Case: begin
testing full list
Test Case: end
Test Case: begin
testing empty list
Test Case: end
]]></system-out>
  <system-err><![CDATA[]]></system-err>
</testsuite>
