<?xml version="1.0" encoding="UTF-8"?>
<testsuite name="com.kodilla.testing.forum.statistics.ForumTestSuite" tests="7" skipped="0" failures="0" errors="0" timestamp="2019-08-03T12:49:33" hostname="DESKTOP-GJGJAGF" time="0.136">
  <properties/>
  <testcase name="commentsHigherThanPosts" classname="com.kodilla.testing.forum.statistics.ForumTestSuite" time="0.127"/>
  <testcase name="commentsLowerThanPosts" classname="com.kodilla.testing.forum.statistics.ForumTestSuite" time="0.001"/>
  <testcase name="usersEqualsHundred" classname="com.kodilla.testing.forum.statistics.ForumTestSuite" time="0.001"/>
  <testcase name="commentsEqualsZero" classname="com.kodilla.testing.forum.statistics.ForumTestSuite" time="0.001"/>
  <testcase name="postEqualZero" classname="com.kodilla.testing.forum.statistics.ForumTestSuite" time="0.001"/>
  <testcase name="postEqualThousand" classname="com.kodilla.testing.forum.statistics.ForumTestSuite" time="0.001"/>
  <testcase name="userEqualsZero" classname="com.kodilla.testing.forum.statistics.ForumTestSuite" time="0.001"/>
  <system-out><![CDATA[This is the beginning of tests.
Preparing to execute test #1
Mean comments of user is:1.0
Mean post of user :0.5
Mean comments per post:2.0
Preparing to execute test #2
Mean comments of user is:0.5
Mean post of user :1.0
Mean comments per post:0.5
Preparing to execute test #3
Mean comments of user is:1.5
Mean post of user :0.8
Mean comments per post:1.875
Preparing to execute test #4
Mean comments of user is:0.0
Mean post of user :0.1
Mean comments per post:0.0
Preparing to execute test #5
Mean comments of user is:0.0
Mean post of user :0.0
Mean comments per post:NaN
Preparing to execute test #6
Mean comments of user is:0.12
Mean post of user :0.1
Mean comments per post:1.2
Preparing to execute test #7
Mean comments of user is:0.0
Mean post of user :0.0
Mean comments per post:0.0
All tests are finished.
]]></system-out>
  <system-err><![CDATA[]]></system-err>
</testsuite>
