<?xml version="1.0" encoding="UTF-8"?>
<testsuite name="com.kodilla.hibernate.tasklist.dao.TaskListDaoTestSuite" tests="3" skipped="0" failures="1" errors="0" timestamp="2019-09-11T18:53:20" hostname="DESKTOP-GJGJAGF" time="0.271">
  <properties/>
  <testcase name="testNamedQueries" classname="com.kodilla.hibernate.tasklist.dao.TaskListDaoTestSuite" time="0.195">
    <failure message="java.lang.AssertionError: expected:&lt;1&gt; but was:&lt;2&gt;" type="java.lang.AssertionError">java.lang.AssertionError: expected:&lt;1&gt; but was:&lt;2&gt;
	at org.junit.Assert.fail(Assert.java:88)
	at org.junit.Assert.failNotEquals(Assert.java:834)
	at org.junit.Assert.assertEquals(Assert.java:645)
	at org.junit.Assert.assertEquals(Assert.java:631)
	at com.kodilla.hibernate.tasklist.dao.TaskListDaoTestSuite.testNamedQueries(TaskListDaoTestSuite.java:114)
	at sun.reflect.NativeMethodAccessorImpl.invoke0(Native Method)
	at sun.reflect.NativeMethodAccessorImpl.invoke(NativeMethodAccessorImpl.java:62)
	at sun.reflect.DelegatingMethodAccessorImpl.invoke(DelegatingMethodAccessorImpl.java:43)
	at java.lang.reflect.Method.invoke(Method.java:498)
	at org.junit.runners.model.FrameworkMethod$1.runReflectiveCall(FrameworkMethod.java:50)
	at org.junit.internal.runners.model.ReflectiveCallable.run(ReflectiveCallable.java:12)
	at org.junit.runners.model.FrameworkMethod.invokeExplosively(FrameworkMethod.java:47)
	at org.junit.internal.runners.statements.InvokeMethod.evaluate(InvokeMethod.java:17)
	at org.springframework.test.context.junit4.statements.RunBeforeTestExecutionCallbacks.evaluate(RunBeforeTestExecutionCallbacks.java:74)
	at org.springframework.test.context.junit4.statements.RunAfterTestExecutionCallbacks.evaluate(RunAfterTestExecutionCallbacks.java:84)
	at org.springframework.test.context.junit4.statements.RunBeforeTestMethodCallbacks.evaluate(RunBeforeTestMethodCallbacks.java:75)
	at org.springframework.test.context.junit4.statements.RunAfterTestMethodCallbacks.evaluate(RunAfterTestMethodCallbacks.java:86)
	at org.springframework.test.context.junit4.statements.SpringRepeat.evaluate(SpringRepeat.java:84)
	at org.junit.runners.ParentRunner.runLeaf(ParentRunner.java:325)
	at org.springframework.test.context.junit4.SpringJUnit4ClassRunner.runChild(SpringJUnit4ClassRunner.java:251)
	at org.springframework.test.context.junit4.SpringJUnit4ClassRunner.runChild(SpringJUnit4ClassRunner.java:97)
	at org.junit.runners.ParentRunner$3.run(ParentRunner.java:290)
	at org.junit.runners.ParentRunner$1.schedule(ParentRunner.java:71)
	at org.junit.runners.ParentRunner.runChildren(ParentRunner.java:288)
	at org.junit.runners.ParentRunner.access$000(ParentRunner.java:58)
	at org.junit.runners.ParentRunner$2.evaluate(ParentRunner.java:268)
	at org.springframework.test.context.junit4.statements.RunBeforeTestClassCallbacks.evaluate(RunBeforeTestClassCallbacks.java:61)
	at org.springframework.test.context.junit4.statements.RunAfterTestClassCallbacks.evaluate(RunAfterTestClassCallbacks.java:70)
	at org.junit.runners.ParentRunner.run(ParentRunner.java:363)
	at org.springframework.test.context.junit4.SpringJUnit4ClassRunner.run(SpringJUnit4ClassRunner.java:190)
	at org.gradle.api.internal.tasks.testing.junit.JUnitTestClassExecutor.runTestClass(JUnitTestClassExecutor.java:110)
	at org.gradle.api.internal.tasks.testing.junit.JUnitTestClassExecutor.execute(JUnitTestClassExecutor.java:58)
	at org.gradle.api.internal.tasks.testing.junit.JUnitTestClassExecutor.execute(JUnitTestClassExecutor.java:38)
	at org.gradle.api.internal.tasks.testing.junit.AbstractJUnitTestClassProcessor.processTestClass(AbstractJUnitTestClassProcessor.java:62)
	at org.gradle.api.internal.tasks.testing.SuiteTestClassProcessor.processTestClass(SuiteTestClassProcessor.java:51)
	at sun.reflect.NativeMethodAccessorImpl.invoke0(Native Method)
	at sun.reflect.NativeMethodAccessorImpl.invoke(NativeMethodAccessorImpl.java:62)
	at sun.reflect.DelegatingMethodAccessorImpl.invoke(DelegatingMethodAccessorImpl.java:43)
	at java.lang.reflect.Method.invoke(Method.java:498)
	at org.gradle.internal.dispatch.ReflectionDispatch.dispatch(ReflectionDispatch.java:35)
	at org.gradle.internal.dispatch.ReflectionDispatch.dispatch(ReflectionDispatch.java:24)
	at org.gradle.internal.dispatch.ContextClassLoaderDispatch.dispatch(ContextClassLoaderDispatch.java:32)
	at org.gradle.internal.dispatch.ProxyDispatchAdapter$DispatchingInvocationHandler.invoke(ProxyDispatchAdapter.java:93)
	at com.sun.proxy.$Proxy2.processTestClass(Unknown Source)
	at org.gradle.api.internal.tasks.testing.worker.TestWorker.processTestClass(TestWorker.java:118)
	at sun.reflect.NativeMethodAccessorImpl.invoke0(Native Method)
	at sun.reflect.NativeMethodAccessorImpl.invoke(NativeMethodAccessorImpl.java:62)
	at sun.reflect.DelegatingMethodAccessorImpl.invoke(DelegatingMethodAccessorImpl.java:43)
	at java.lang.reflect.Method.invoke(Method.java:498)
	at org.gradle.internal.dispatch.ReflectionDispatch.dispatch(ReflectionDispatch.java:35)
	at org.gradle.internal.dispatch.ReflectionDispatch.dispatch(ReflectionDispatch.java:24)
	at org.gradle.internal.remote.internal.hub.MessageHubBackedObjectConnection$DispatchWrapper.dispatch(MessageHubBackedObjectConnection.java:175)
	at org.gradle.internal.remote.internal.hub.MessageHubBackedObjectConnection$DispatchWrapper.dispatch(MessageHubBackedObjectConnection.java:157)
	at org.gradle.internal.remote.internal.hub.MessageHub$Handler.run(MessageHub.java:404)
	at org.gradle.internal.concurrent.ExecutorPolicy$CatchAndRecordFailures.onExecute(ExecutorPolicy.java:63)
	at org.gradle.internal.concurrent.ManagedExecutorImpl$1.run(ManagedExecutorImpl.java:46)
	at java.util.concurrent.ThreadPoolExecutor.runWorker(ThreadPoolExecutor.java:1149)
	at java.util.concurrent.ThreadPoolExecutor$Worker.run(ThreadPoolExecutor.java:624)
	at org.gradle.internal.concurrent.ThreadFactoryImpl$ManagedThreadRunnable.run(ThreadFactoryImpl.java:55)
	at java.lang.Thread.run(Thread.java:748)
</failure>
  </testcase>
  <testcase name="testTaskListDaoSaveWithTasks" classname="com.kodilla.hibernate.tasklist.dao.TaskListDaoTestSuite" time="0.05"/>
  <testcase name="testFindByListName" classname="com.kodilla.hibernate.tasklist.dao.TaskListDaoTestSuite" time="0.025"/>
  <system-out><![CDATA[2019-09-11 20:53:20.850  INFO 1676 --- [    Test worker] .b.t.c.SpringBootTestContextBootstrapper : Neither @ContextConfiguration nor @ContextHierarchy found for test class [com.kodilla.hibernate.tasklist.dao.TaskListDaoTestSuite], using SpringBootContextLoader
2019-09-11 20:53:20.850  INFO 1676 --- [    Test worker] o.s.t.c.support.AbstractContextLoader    : Could not detect default resource locations for test class [com.kodilla.hibernate.tasklist.dao.TaskListDaoTestSuite]: no resource found for suffixes {-context.xml, Context.groovy}.
2019-09-11 20:53:20.850  INFO 1676 --- [    Test worker] t.c.s.AnnotationConfigContextLoaderUtils : Could not detect default configuration classes for test class [com.kodilla.hibernate.tasklist.dao.TaskListDaoTestSuite]: TaskListDaoTestSuite does not declare any static, non-private, non-final, nested classes annotated with @Configuration.
2019-09-11 20:53:20.866  INFO 1676 --- [    Test worker] .b.t.c.SpringBootTestContextBootstrapper : Found @SpringBootConfiguration com.kodilla.hibernate.KodillaHibernateApplication for test class com.kodilla.hibernate.tasklist.dao.TaskListDaoTestSuite
2019-09-11 20:53:20.866  INFO 1676 --- [    Test worker] .b.t.c.SpringBootTestContextBootstrapper : Loaded default TestExecutionListener class names from location [META-INF/spring.factories]: [org.springframework.boot.test.autoconfigure.restdocs.RestDocsTestExecutionListener, org.springframework.boot.test.autoconfigure.web.client.MockRestServiceServerResetTestExecutionListener, org.springframework.boot.test.autoconfigure.web.servlet.MockMvcPrintOnlyOnFailureTestExecutionListener, org.springframework.boot.test.autoconfigure.web.servlet.WebDriverTestExecutionListener, org.springframework.boot.test.mock.mockito.MockitoTestExecutionListener, org.springframework.boot.test.mock.mockito.ResetMocksTestExecutionListener, org.springframework.test.context.web.ServletTestExecutionListener, org.springframework.test.context.support.DirtiesContextBeforeModesTestExecutionListener, org.springframework.test.context.support.DependencyInjectionTestExecutionListener, org.springframework.test.context.support.DirtiesContextTestExecutionListener, org.springframework.test.context.transaction.TransactionalTestExecutionListener, org.springframework.test.context.jdbc.SqlScriptsTestExecutionListener]
2019-09-11 20:53:20.866  INFO 1676 --- [    Test worker] .b.t.c.SpringBootTestContextBootstrapper : Using TestExecutionListeners: [org.springframework.test.context.support.DirtiesContextBeforeModesTestExecutionListener@197769b, org.springframework.boot.test.mock.mockito.MockitoTestExecutionListener@359fc6d6, org.springframework.boot.test.autoconfigure.SpringBootDependencyInjectionTestExecutionListener@26682314, org.springframework.test.context.support.DirtiesContextTestExecutionListener@7bd0c7e3, org.springframework.test.context.transaction.TransactionalTestExecutionListener@414955ac, org.springframework.test.context.jdbc.SqlScriptsTestExecutionListener@a2b8225, org.springframework.boot.test.autoconfigure.restdocs.RestDocsTestExecutionListener@6d3c60f7, org.springframework.boot.test.autoconfigure.web.client.MockRestServiceServerResetTestExecutionListener@10ae4d6c, org.springframework.boot.test.autoconfigure.web.servlet.MockMvcPrintOnlyOnFailureTestExecutionListener@1b418ee0, org.springframework.boot.test.autoconfigure.web.servlet.WebDriverTestExecutionListener@4dad0d07, org.springframework.boot.test.mock.mockito.ResetMocksTestExecutionListener@4398e79d]
Hibernate: select next_val as id_val from hibernate_sequence for update
Hibernate: update hibernate_sequence set next_val= ? where next_val=?
Hibernate: select next_val as id_val from hibernate_sequence for update
Hibernate: update hibernate_sequence set next_val= ? where next_val=?
Hibernate: select next_val as id_val from hibernate_sequence for update
Hibernate: update hibernate_sequence set next_val= ? where next_val=?
Hibernate: select next_val as id_val from hibernate_sequence for update
Hibernate: update hibernate_sequence set next_val= ? where next_val=?
Hibernate: select next_val as id_val from hibernate_sequence for update
Hibernate: update hibernate_sequence set next_val= ? where next_val=?
Hibernate: select next_val as id_val from hibernate_sequence for update
Hibernate: update hibernate_sequence set next_val= ? where next_val=?
Hibernate: select next_val as id_val from hibernate_sequence for update
Hibernate: update hibernate_sequence set next_val= ? where next_val=?
Hibernate: select next_val as id_val from hibernate_sequence for update
Hibernate: update hibernate_sequence set next_val= ? where next_val=?
Hibernate: select next_val as id_val from hibernate_sequence for update
Hibernate: update hibernate_sequence set next_val= ? where next_val=?
Hibernate: insert into taskslist (description, listname, id) values (?, ?, ?)
Hibernate: insert into tasks_financial (paid, price, id) values (?, ?, ?)
Hibernate: insert into tasks (created, description, duration, tasks_financial_id, tasklist_id, id) values (?, ?, ?, ?, ?, ?)
Hibernate: insert into tasks_financial (paid, price, id) values (?, ?, ?)
Hibernate: insert into tasks (created, description, duration, tasks_financial_id, tasklist_id, id) values (?, ?, ?, ?, ?, ?)
Hibernate: insert into tasks_financial (paid, price, id) values (?, ?, ?)
Hibernate: insert into tasks (created, description, duration, tasks_financial_id, tasklist_id, id) values (?, ?, ?, ?, ?, ?)
Hibernate: insert into tasks_financial (paid, price, id) values (?, ?, ?)
Hibernate: insert into tasks (created, description, duration, tasks_financial_id, tasklist_id, id) values (?, ?, ?, ?, ?, ?)
Hibernate: select task0_.id as id1_10_, task0_.created as created2_10_, task0_.description as descript3_10_, task0_.duration as duration4_10_, task0_.tasks_financial_id as tasks_fi5_10_, task0_.tasklist_id as tasklist6_10_ from tasks task0_ where task0_.duration>10
Hibernate: select taskfinanc0_.id as id1_11_0_, taskfinanc0_.paid as paid2_11_0_, taskfinanc0_.price as price3_11_0_ from tasks_financial taskfinanc0_ where taskfinanc0_.id=?
Hibernate: select tasklist0_.id as id1_12_0_, tasklist0_.description as descript2_12_0_, tasklist0_.listname as listname3_12_0_ from taskslist tasklist0_ where tasklist0_.id=?
Hibernate: select task0_.id as id1_10_, task0_.created as created2_10_, task0_.description as descript3_10_, task0_.duration as duration4_10_, task0_.tasks_financial_id as tasks_fi5_10_, task0_.tasklist_id as tasklist6_10_ from tasks task0_ where task0_.duration<=10
Hibernate: select taskfinanc0_.id as id1_11_0_, taskfinanc0_.paid as paid2_11_0_, taskfinanc0_.price as price3_11_0_ from tasks_financial taskfinanc0_ where taskfinanc0_.id=?
Hibernate: select tasklist0_.id as id1_12_0_, tasklist0_.description as descript2_12_0_, tasklist0_.listname as listname3_12_0_ from taskslist tasklist0_ where tasklist0_.id=?
Hibernate: select taskfinanc0_.id as id1_11_0_, taskfinanc0_.paid as paid2_11_0_, taskfinanc0_.price as price3_11_0_ from tasks_financial taskfinanc0_ where taskfinanc0_.id=?
Hibernate: select taskfinanc0_.id as id1_11_0_, taskfinanc0_.paid as paid2_11_0_, taskfinanc0_.price as price3_11_0_ from tasks_financial taskfinanc0_ where taskfinanc0_.id=?
Hibernate: SELECT *FROM TASKS WHERE DATEDIFF(DATE_ADD( CREATED, INTERVAL DURATION DAY), NOW())>5
Hibernate: select taskfinanc0_.id as id1_11_0_, taskfinanc0_.paid as paid2_11_0_, taskfinanc0_.price as price3_11_0_ from tasks_financial taskfinanc0_ where taskfinanc0_.id=?
Hibernate: select tasklist0_.id as id1_12_0_, tasklist0_.description as descript2_12_0_, tasklist0_.listname as listname3_12_0_ from taskslist tasklist0_ where tasklist0_.id=?
Hibernate: select taskfinanc0_.id as id1_11_0_, taskfinanc0_.paid as paid2_11_0_, taskfinanc0_.price as price3_11_0_ from tasks_financial taskfinanc0_ where taskfinanc0_.id=?
Hibernate: select taskfinanc0_.id as id1_11_0_, taskfinanc0_.paid as paid2_11_0_, taskfinanc0_.price as price3_11_0_ from tasks_financial taskfinanc0_ where taskfinanc0_.id=?
Hibernate: select task0_.id as id1_10_, task0_.created as created2_10_, task0_.description as descript3_10_, task0_.duration as duration4_10_, task0_.tasks_financial_id as tasks_fi5_10_, task0_.tasklist_id as tasklist6_10_ from tasks task0_ where task0_.duration>?
Hibernate: select taskfinanc0_.id as id1_11_0_, taskfinanc0_.paid as paid2_11_0_, taskfinanc0_.price as price3_11_0_ from tasks_financial taskfinanc0_ where taskfinanc0_.id=?
Hibernate: select tasklist0_.id as id1_12_0_, tasklist0_.description as descript2_12_0_, tasklist0_.listname as listname3_12_0_ from taskslist tasklist0_ where tasklist0_.id=?
Hibernate: select taskfinanc0_.id as id1_11_0_, taskfinanc0_.paid as paid2_11_0_, taskfinanc0_.price as price3_11_0_ from tasks_financial taskfinanc0_ where taskfinanc0_.id=?
Hibernate: select tasklist0_.id as id1_12_0_, tasklist0_.description as descript2_12_0_, tasklist0_.listname as listname3_12_0_ from taskslist tasklist0_ where tasklist0_.id=?
Hibernate: select tasks0_.tasklist_id as tasklist6_10_0_, tasks0_.id as id1_10_0_, task1_.id as id1_10_1_, task1_.created as created2_10_1_, task1_.description as descript3_10_1_, task1_.duration as duration4_10_1_, task1_.tasks_financial_id as tasks_fi5_10_1_, task1_.tasklist_id as tasklist6_10_1_, taskfinanc2_.id as id1_11_2_, taskfinanc2_.paid as paid2_11_2_, taskfinanc2_.price as price3_11_2_ from tasks tasks0_ inner join tasks task1_ on tasks0_.id=task1_.id left outer join tasks_financial taskfinanc2_ on task1_.tasks_financial_id=taskfinanc2_.id where tasks0_.tasklist_id=?
Hibernate: delete from tasks where id=?
Hibernate: delete from tasks_financial where id=?
Hibernate: delete from tasks where id=?
Hibernate: delete from tasks_financial where id=?
Hibernate: delete from tasks where id=?
Hibernate: delete from tasks_financial where id=?
Hibernate: delete from tasks where id=?
Hibernate: delete from tasks_financial where id=?
Hibernate: delete from taskslist where id=?
Hibernate: select next_val as id_val from hibernate_sequence for update
Hibernate: update hibernate_sequence set next_val= ? where next_val=?
Hibernate: select next_val as id_val from hibernate_sequence for update
Hibernate: update hibernate_sequence set next_val= ? where next_val=?
Hibernate: select next_val as id_val from hibernate_sequence for update
Hibernate: update hibernate_sequence set next_val= ? where next_val=?
Hibernate: select next_val as id_val from hibernate_sequence for update
Hibernate: update hibernate_sequence set next_val= ? where next_val=?
Hibernate: select next_val as id_val from hibernate_sequence for update
Hibernate: update hibernate_sequence set next_val= ? where next_val=?
Hibernate: insert into taskslist (description, listname, id) values (?, ?, ?)
Hibernate: insert into tasks_financial (paid, price, id) values (?, ?, ?)
Hibernate: insert into tasks (created, description, duration, tasks_financial_id, tasklist_id, id) values (?, ?, ?, ?, ?, ?)
Hibernate: insert into tasks_financial (paid, price, id) values (?, ?, ?)
Hibernate: insert into tasks (created, description, duration, tasks_financial_id, tasklist_id, id) values (?, ?, ?, ?, ?, ?)
Hibernate: select next_val as id_val from hibernate_sequence for update
Hibernate: update hibernate_sequence set next_val= ? where next_val=?
Hibernate: insert into taskslist (description, listname, id) values (?, ?, ?)
Hibernate: select tasklist0_.id as id1_12_, tasklist0_.description as descript2_12_, tasklist0_.listname as listname3_12_ from taskslist tasklist0_ where tasklist0_.listname=?
Hibernate: select tasklist0_.id as id1_12_0_, tasklist0_.description as descript2_12_0_, tasklist0_.listname as listname3_12_0_ from taskslist tasklist0_ where tasklist0_.id=?
Hibernate: select tasks0_.tasklist_id as tasklist6_10_0_, tasks0_.id as id1_10_0_, task1_.id as id1_10_1_, task1_.created as created2_10_1_, task1_.description as descript3_10_1_, task1_.duration as duration4_10_1_, task1_.tasks_financial_id as tasks_fi5_10_1_, task1_.tasklist_id as tasklist6_10_1_, taskfinanc2_.id as id1_11_2_, taskfinanc2_.paid as paid2_11_2_, taskfinanc2_.price as price3_11_2_ from tasks tasks0_ inner join tasks task1_ on tasks0_.id=task1_.id left outer join tasks_financial taskfinanc2_ on task1_.tasks_financial_id=taskfinanc2_.id where tasks0_.tasklist_id=?
Hibernate: delete from taskslist where id=?
]]></system-out>
  <system-err><![CDATA[]]></system-err>
</testsuite>
