<?xml version="1.0" encoding="UTF-8"?>
<testsuite name="com.kodilla.hibernate.invoice.dao.InvoiceDaoTestSuite" tests="1" skipped="0" failures="0" errors="0" timestamp="2019-09-11T18:53:20" hostname="DESKTOP-GJGJAGF" time="0.074">
  <properties/>
  <testcase name="testInvoiceDaoSave" classname="com.kodilla.hibernate.invoice.dao.InvoiceDaoTestSuite" time="0.074"/>
  <system-out><![CDATA[2019-09-11 20:53:20.334  INFO 1676 --- [    Test worker] .b.t.c.SpringBootTestContextBootstrapper : Neither @ContextConfiguration nor @ContextHierarchy found for test class [com.kodilla.hibernate.invoice.dao.InvoiceDaoTestSuite], using SpringBootContextLoader
2019-09-11 20:53:20.334  INFO 1676 --- [    Test worker] o.s.t.c.support.AbstractContextLoader    : Could not detect default resource locations for test class [com.kodilla.hibernate.invoice.dao.InvoiceDaoTestSuite]: no resource found for suffixes {-context.xml, Context.groovy}.
2019-09-11 20:53:20.334  INFO 1676 --- [    Test worker] t.c.s.AnnotationConfigContextLoaderUtils : Could not detect default configuration classes for test class [com.kodilla.hibernate.invoice.dao.InvoiceDaoTestSuite]: InvoiceDaoTestSuite does not declare any static, non-private, non-final, nested classes annotated with @Configuration.
2019-09-11 20:53:20.350  INFO 1676 --- [    Test worker] .b.t.c.SpringBootTestContextBootstrapper : Found @SpringBootConfiguration com.kodilla.hibernate.KodillaHibernateApplication for test class com.kodilla.hibernate.invoice.dao.InvoiceDaoTestSuite
2019-09-11 20:53:20.350  INFO 1676 --- [    Test worker] .b.t.c.SpringBootTestContextBootstrapper : Loaded default TestExecutionListener class names from location [META-INF/spring.factories]: [org.springframework.boot.test.autoconfigure.restdocs.RestDocsTestExecutionListener, org.springframework.boot.test.autoconfigure.web.client.MockRestServiceServerResetTestExecutionListener, org.springframework.boot.test.autoconfigure.web.servlet.MockMvcPrintOnlyOnFailureTestExecutionListener, org.springframework.boot.test.autoconfigure.web.servlet.WebDriverTestExecutionListener, org.springframework.boot.test.mock.mockito.MockitoTestExecutionListener, org.springframework.boot.test.mock.mockito.ResetMocksTestExecutionListener, org.springframework.test.context.web.ServletTestExecutionListener, org.springframework.test.context.support.DirtiesContextBeforeModesTestExecutionListener, org.springframework.test.context.support.DependencyInjectionTestExecutionListener, org.springframework.test.context.support.DirtiesContextTestExecutionListener, org.springframework.test.context.transaction.TransactionalTestExecutionListener, org.springframework.test.context.jdbc.SqlScriptsTestExecutionListener]
2019-09-11 20:53:20.366  INFO 1676 --- [    Test worker] .b.t.c.SpringBootTestContextBootstrapper : Using TestExecutionListeners: [org.springframework.test.context.support.DirtiesContextBeforeModesTestExecutionListener@f51b331, org.springframework.boot.test.mock.mockito.MockitoTestExecutionListener@35fc6655, org.springframework.boot.test.autoconfigure.SpringBootDependencyInjectionTestExecutionListener@53b55b12, org.springframework.test.context.support.DirtiesContextTestExecutionListener@201f04f9, org.springframework.test.context.transaction.TransactionalTestExecutionListener@2255e3f0, org.springframework.test.context.jdbc.SqlScriptsTestExecutionListener@744de721, org.springframework.boot.test.autoconfigure.restdocs.RestDocsTestExecutionListener@dd95f71, org.springframework.boot.test.autoconfigure.web.client.MockRestServiceServerResetTestExecutionListener@55b9aaff, org.springframework.boot.test.autoconfigure.web.servlet.MockMvcPrintOnlyOnFailureTestExecutionListener@587e89db, org.springframework.boot.test.autoconfigure.web.servlet.WebDriverTestExecutionListener@4391091a, org.springframework.boot.test.mock.mockito.ResetMocksTestExecutionListener@474f4ce]
Hibernate: select next_val as id_val from hibernate_sequence for update
Hibernate: update hibernate_sequence set next_val= ? where next_val=?
Hibernate: select next_val as id_val from hibernate_sequence for update
Hibernate: update hibernate_sequence set next_val= ? where next_val=?
Hibernate: select next_val as id_val from hibernate_sequence for update
Hibernate: update hibernate_sequence set next_val= ? where next_val=?
Hibernate: select next_val as id_val from hibernate_sequence for update
Hibernate: update hibernate_sequence set next_val= ? where next_val=?
Hibernate: select next_val as id_val from hibernate_sequence for update
Hibernate: update hibernate_sequence set next_val= ? where next_val=?
Hibernate: insert into invoices (invoice_number, id) values (?, ?)
Hibernate: insert into product (product_name, id) values (?, ?)
Hibernate: insert into items (invoice_id, price, product_id, quantity, value, id) values (?, ?, ?, ?, ?, ?)
Hibernate: insert into product (product_name, id) values (?, ?)
Hibernate: insert into items (invoice_id, price, product_id, quantity, value, id) values (?, ?, ?, ?, ?, ?)
Hibernate: update items set invoice_id=? where id=?
Hibernate: update items set invoice_id=? where id=?
Hibernate: select product0_.id as id1_7_0_, product0_.product_name as product_2_7_0_ from product product0_ where product0_.id=?
]]></system-out>
  <system-err><![CDATA[]]></system-err>
</testsuite>
