<?xml version="1.0" encoding="UTF-8"?>
<testsuite name="com.kodilla.hibernate.invoice.dao.InvoiceDaoTestSuite" tests="1" skipped="0" failures="0" errors="0" timestamp="2019-08-03T12:49:24" hostname="DESKTOP-GJGJAGF" time="0.308">
  <properties/>
  <testcase name="testInvoiceDaoSave" classname="com.kodilla.hibernate.invoice.dao.InvoiceDaoTestSuite" time="0.308"/>
  <system-out><![CDATA[14:49:18.752 [Test worker] DEBUG org.springframework.test.context.junit4.SpringJUnit4ClassRunner - SpringJUnit4ClassRunner constructor called with [class com.kodilla.hibernate.invoice.dao.InvoiceDaoTestSuite]
14:49:18.752 [Test worker] DEBUG org.springframework.test.context.BootstrapUtils - Instantiating CacheAwareContextLoaderDelegate from class [org.springframework.test.context.cache.DefaultCacheAwareContextLoaderDelegate]
14:49:18.768 [Test worker] DEBUG org.springframework.test.context.BootstrapUtils - Instantiating BootstrapContext using constructor [public org.springframework.test.context.support.DefaultBootstrapContext(java.lang.Class,org.springframework.test.context.CacheAwareContextLoaderDelegate)]
14:49:18.783 [Test worker] DEBUG org.springframework.test.context.BootstrapUtils - Instantiating TestContextBootstrapper for test class [com.kodilla.hibernate.invoice.dao.InvoiceDaoTestSuite] from class [org.springframework.boot.test.context.SpringBootTestContextBootstrapper]
14:49:18.814 [Test worker] INFO org.springframework.boot.test.context.SpringBootTestContextBootstrapper - Neither @ContextConfiguration nor @ContextHierarchy found for test class [com.kodilla.hibernate.invoice.dao.InvoiceDaoTestSuite], using SpringBootContextLoader
14:49:18.814 [Test worker] DEBUG org.springframework.test.context.support.AbstractContextLoader - Did not detect default resource location for test class [com.kodilla.hibernate.invoice.dao.InvoiceDaoTestSuite]: class path resource [com/kodilla/hibernate/invoice/dao/InvoiceDaoTestSuite-context.xml] does not exist
14:49:18.814 [Test worker] DEBUG org.springframework.test.context.support.AbstractContextLoader - Did not detect default resource location for test class [com.kodilla.hibernate.invoice.dao.InvoiceDaoTestSuite]: class path resource [com/kodilla/hibernate/invoice/dao/InvoiceDaoTestSuiteContext.groovy] does not exist
14:49:18.814 [Test worker] INFO org.springframework.test.context.support.AbstractContextLoader - Could not detect default resource locations for test class [com.kodilla.hibernate.invoice.dao.InvoiceDaoTestSuite]: no resource found for suffixes {-context.xml, Context.groovy}.
14:49:18.814 [Test worker] INFO org.springframework.test.context.support.AnnotationConfigContextLoaderUtils - Could not detect default configuration classes for test class [com.kodilla.hibernate.invoice.dao.InvoiceDaoTestSuite]: InvoiceDaoTestSuite does not declare any static, non-private, non-final, nested classes annotated with @Configuration.
14:49:18.877 [Test worker] DEBUG org.springframework.test.context.support.ActiveProfilesUtils - Could not find an 'annotation declaring class' for annotation type [org.springframework.test.context.ActiveProfiles] and class [com.kodilla.hibernate.invoice.dao.InvoiceDaoTestSuite]
14:49:18.986 [Test worker] DEBUG org.springframework.context.annotation.ClassPathScanningCandidateComponentProvider - Identified candidate component class: file [C:\Users\User\IdeaProjects\kodilla-course\kodilla-hibernate\build\classes\java\main\com\kodilla\hibernate\KodillaHibernateApplication.class]
14:49:18.986 [Test worker] INFO org.springframework.boot.test.context.SpringBootTestContextBootstrapper - Found @SpringBootConfiguration com.kodilla.hibernate.KodillaHibernateApplication for test class com.kodilla.hibernate.invoice.dao.InvoiceDaoTestSuite
14:49:19.080 [Test worker] DEBUG org.springframework.boot.test.context.SpringBootTestContextBootstrapper - @TestExecutionListeners is not present for class [com.kodilla.hibernate.invoice.dao.InvoiceDaoTestSuite]: using defaults.
14:49:19.080 [Test worker] INFO org.springframework.boot.test.context.SpringBootTestContextBootstrapper - Loaded default TestExecutionListener class names from location [META-INF/spring.factories]: [org.springframework.boot.test.autoconfigure.restdocs.RestDocsTestExecutionListener, org.springframework.boot.test.autoconfigure.web.client.MockRestServiceServerResetTestExecutionListener, org.springframework.boot.test.autoconfigure.web.servlet.MockMvcPrintOnlyOnFailureTestExecutionListener, org.springframework.boot.test.autoconfigure.web.servlet.WebDriverTestExecutionListener, org.springframework.boot.test.mock.mockito.MockitoTestExecutionListener, org.springframework.boot.test.mock.mockito.ResetMocksTestExecutionListener, org.springframework.test.context.web.ServletTestExecutionListener, org.springframework.test.context.support.DirtiesContextBeforeModesTestExecutionListener, org.springframework.test.context.support.DependencyInjectionTestExecutionListener, org.springframework.test.context.support.DirtiesContextTestExecutionListener, org.springframework.test.context.transaction.TransactionalTestExecutionListener, org.springframework.test.context.jdbc.SqlScriptsTestExecutionListener]
14:49:19.096 [Test worker] DEBUG org.springframework.boot.test.context.SpringBootTestContextBootstrapper - Skipping candidate TestExecutionListener [org.springframework.test.context.web.ServletTestExecutionListener] due to a missing dependency. Specify custom listener classes or make the default listener classes and their required dependencies available. Offending class: [javax/servlet/ServletContext]
14:49:19.111 [Test worker] INFO org.springframework.boot.test.context.SpringBootTestContextBootstrapper - Using TestExecutionListeners: [org.springframework.test.context.support.DirtiesContextBeforeModesTestExecutionListener@597e8d5e, org.springframework.boot.test.mock.mockito.MockitoTestExecutionListener@5910b60d, org.springframework.boot.test.autoconfigure.SpringBootDependencyInjectionTestExecutionListener@4e685513, org.springframework.test.context.support.DirtiesContextTestExecutionListener@7408d2da, org.springframework.test.context.transaction.TransactionalTestExecutionListener@5931a578, org.springframework.test.context.jdbc.SqlScriptsTestExecutionListener@54dc08d, org.springframework.boot.test.autoconfigure.restdocs.RestDocsTestExecutionListener@981cdfa, org.springframework.boot.test.autoconfigure.web.client.MockRestServiceServerResetTestExecutionListener@3bad5012, org.springframework.boot.test.autoconfigure.web.servlet.MockMvcPrintOnlyOnFailureTestExecutionListener@6fe3387a, org.springframework.boot.test.autoconfigure.web.servlet.WebDriverTestExecutionListener@4c1c4a3, org.springframework.boot.test.mock.mockito.ResetMocksTestExecutionListener@32827dc]
14:49:19.111 [Test worker] DEBUG org.springframework.test.annotation.ProfileValueUtils - Retrieved @ProfileValueSourceConfiguration [null] for test class [com.kodilla.hibernate.invoice.dao.InvoiceDaoTestSuite]
14:49:19.111 [Test worker] DEBUG org.springframework.test.annotation.ProfileValueUtils - Retrieved ProfileValueSource type [class org.springframework.test.annotation.SystemProfileValueSource] for class [com.kodilla.hibernate.invoice.dao.InvoiceDaoTestSuite]
14:49:19.111 [Test worker] DEBUG org.springframework.test.annotation.ProfileValueUtils - Retrieved @ProfileValueSourceConfiguration [null] for test class [com.kodilla.hibernate.invoice.dao.InvoiceDaoTestSuite]
14:49:19.111 [Test worker] DEBUG org.springframework.test.annotation.ProfileValueUtils - Retrieved ProfileValueSource type [class org.springframework.test.annotation.SystemProfileValueSource] for class [com.kodilla.hibernate.invoice.dao.InvoiceDaoTestSuite]
14:49:19.127 [Test worker] DEBUG org.springframework.test.context.support.AbstractDirtiesContextTestExecutionListener - Before test class: context [DefaultTestContext@51c3fb62 testClass = InvoiceDaoTestSuite, testInstance = [null], testMethod = [null], testException = [null], mergedContextConfiguration = [MergedContextConfiguration@19d792a4 testClass = InvoiceDaoTestSuite, locations = '{}', classes = '{class com.kodilla.hibernate.KodillaHibernateApplication}', contextInitializerClasses = '[]', activeProfiles = '{}', propertySourceLocations = '{}', propertySourceProperties = '{org.springframework.boot.test.context.SpringBootTestContextBootstrapper=true}', contextCustomizers = set[org.springframework.boot.test.autoconfigure.properties.PropertyMappingContextCustomizer@0, org.springframework.boot.test.autoconfigure.web.servlet.WebDriverContextCustomizerFactory$Customizer@d05a4ed, org.springframework.boot.test.context.filter.ExcludeFilterContextCustomizer@370668e6, org.springframework.boot.test.json.DuplicateJsonObjectContextCustomizerFactory$DuplicateJsonObjectContextCustomizer@69b1135f, org.springframework.boot.test.mock.mockito.MockitoContextCustomizer@0, org.springframework.boot.test.web.client.TestRestTemplateContextCustomizer@2e550c55], contextLoader = 'org.springframework.boot.test.context.SpringBootContextLoader', parent = [null]], attributes = map[[empty]]], class annotated with @DirtiesContext [false] with mode [null].
14:49:19.127 [Test worker] DEBUG org.springframework.test.annotation.ProfileValueUtils - Retrieved @ProfileValueSourceConfiguration [null] for test class [com.kodilla.hibernate.invoice.dao.InvoiceDaoTestSuite]
14:49:19.127 [Test worker] DEBUG org.springframework.test.annotation.ProfileValueUtils - Retrieved ProfileValueSource type [class org.springframework.test.annotation.SystemProfileValueSource] for class [com.kodilla.hibernate.invoice.dao.InvoiceDaoTestSuite]
14:49:19.127 [Test worker] DEBUG org.springframework.test.context.support.DependencyInjectionTestExecutionListener - Performing dependency injection for test context [[DefaultTestContext@51c3fb62 testClass = InvoiceDaoTestSuite, testInstance = com.kodilla.hibernate.invoice.dao.InvoiceDaoTestSuite@596789d1, testMethod = [null], testException = [null], mergedContextConfiguration = [MergedContextConfiguration@19d792a4 testClass = InvoiceDaoTestSuite, locations = '{}', classes = '{class com.kodilla.hibernate.KodillaHibernateApplication}', contextInitializerClasses = '[]', activeProfiles = '{}', propertySourceLocations = '{}', propertySourceProperties = '{org.springframework.boot.test.context.SpringBootTestContextBootstrapper=true}', contextCustomizers = set[org.springframework.boot.test.autoconfigure.properties.PropertyMappingContextCustomizer@0, org.springframework.boot.test.autoconfigure.web.servlet.WebDriverContextCustomizerFactory$Customizer@d05a4ed, org.springframework.boot.test.context.filter.ExcludeFilterContextCustomizer@370668e6, org.springframework.boot.test.json.DuplicateJsonObjectContextCustomizerFactory$DuplicateJsonObjectContextCustomizer@69b1135f, org.springframework.boot.test.mock.mockito.MockitoContextCustomizer@0, org.springframework.boot.test.web.client.TestRestTemplateContextCustomizer@2e550c55], contextLoader = 'org.springframework.boot.test.context.SpringBootContextLoader', parent = [null]], attributes = map[[empty]]]].
14:49:19.143 [Test worker] DEBUG org.springframework.test.context.support.TestPropertySourceUtils - Adding inlined properties to environment: {spring.jmx.enabled=false, org.springframework.boot.test.context.SpringBootTestContextBootstrapper=true, server.port=-1}

  .   ____          _            __ _ _
 /\\ / ___'_ __ _ _(_)_ __  __ _ \ \ \ \
( ( )\___ | '_ | '_| | '_ \/ _` | \ \ \ \
 \\/  ___)| |_)| | | | | || (_| |  ) ) ) )
  '  |____| .__|_| |_|_| |_\__, | / / / /
 =========|_|==============|___/=/_/_/_/
 :: Spring Boot ::        (v2.1.5.RELEASE)

2019-08-03 14:49:19.486  INFO 3800 --- [    Test worker] c.k.h.invoice.dao.InvoiceDaoTestSuite    : Starting InvoiceDaoTestSuite on DESKTOP-GJGJAGF with PID 3800 (started by User in C:\Users\User\IdeaProjects\kodilla-course\kodilla-hibernate)
2019-08-03 14:49:19.486  INFO 3800 --- [    Test worker] c.k.h.invoice.dao.InvoiceDaoTestSuite    : No active profile set, falling back to default profiles: default
2019-08-03 14:49:20.080  INFO 3800 --- [    Test worker] .s.d.r.c.RepositoryConfigurationDelegate : Bootstrapping Spring Data repositories in DEFAULT mode.
2019-08-03 14:49:20.205  INFO 3800 --- [    Test worker] .s.d.r.c.RepositoryConfigurationDelegate : Finished Spring Data repository scanning in 125ms. Found 8 repository interfaces.
2019-08-03 14:49:20.955  INFO 3800 --- [    Test worker] o.hibernate.jpa.internal.util.LogHelper  : HHH000204: Processing PersistenceUnitInfo [
	name: default
	...]
2019-08-03 14:49:21.033  INFO 3800 --- [    Test worker] org.hibernate.Version                    : HHH000412: Hibernate Core {5.3.10.Final}
2019-08-03 14:49:21.033  INFO 3800 --- [    Test worker] org.hibernate.cfg.Environment            : HHH000206: hibernate.properties not found
2019-08-03 14:49:21.236  INFO 3800 --- [    Test worker] o.hibernate.annotations.common.Version   : HCANN000001: Hibernate Commons Annotations {5.0.4.Final}
2019-08-03 14:49:21.471  INFO 3800 --- [    Test worker] com.zaxxer.hikari.HikariDataSource       : HikariPool-1 - Starting...
2019-08-03 14:49:21.627  INFO 3800 --- [    Test worker] com.zaxxer.hikari.HikariDataSource       : HikariPool-1 - Start completed.
2019-08-03 14:49:21.642  INFO 3800 --- [    Test worker] org.hibernate.dialect.Dialect            : HHH000400: Using dialect: org.hibernate.dialect.MySQL5Dialect
Hibernate: alter table items add constraint FKi3fv29v33apu6j1klh8nld3re foreign key (invoice_id) references invoices (id)
Hibernate: alter table items add constraint FKquug7b9jtt5r0jywriyhoo8gm foreign key (product_id) references product (id)
Hibernate: alter table join_company_employee add constraint FK8qv4sbf5gudy2g20lbjoknvsy foreign key (company_id) references companies (company_id)
Hibernate: alter table join_company_employee add constraint FKhyidh70ikigdnt5yqddpn795y foreign key (employee_id) references employees (employee_id)
Hibernate: alter table product_item_list add constraint FKf66ywixijl1r17a4uvp1c8j83 foreign key (item_list_id) references items (id)
Hibernate: alter table product_item_list add constraint FKsi3o9u70wbp38vgnrfbol6y5d foreign key (product_id) references product (id)
Hibernate: alter table tasks add constraint FKka9aehpob3w2thmgyi87o3j26 foreign key (tasks_financial_id) references tasks_financial (id)
Hibernate: alter table tasks add constraint FKlxoobm84mhuon6lu8tx3gh23d foreign key (tasklist_id) references taskslist (id)
Hibernate: alter table tasks add constraint FK8e8y6r9n06ayjyydtggme1vdh foreign key (id) references tasks (id)
2019-08-03 14:49:23.064  INFO 3800 --- [    Test worker] o.h.h.i.QueryTranslatorFactoryInitiator  : HHH000397: Using ASTQueryTranslatorFactory
2019-08-03 14:49:23.158  INFO 3800 --- [    Test worker] j.LocalContainerEntityManagerFactoryBean : Initialized JPA EntityManagerFactory for persistence unit 'default'
2019-08-03 14:49:24.048  INFO 3800 --- [    Test worker] c.k.h.invoice.dao.InvoiceDaoTestSuite    : Started InvoiceDaoTestSuite in 4.905 seconds (JVM running for 6.251)
Hibernate: select next_val as id_val from hibernate_sequence for update
Hibernate: update hibernate_sequence set next_val= ? where next_val=?
Hibernate: select next_val as id_val from hibernate_sequence for update
Hibernate: update hibernate_sequence set next_val= ? where next_val=?
Hibernate: select next_val as id_val from hibernate_sequence for update
Hibernate: update hibernate_sequence set next_val= ? where next_val=?
Hibernate: select next_val as id_val from hibernate_sequence for update
Hibernate: update hibernate_sequence set next_val= ? where next_val=?
Hibernate: select next_val as id_val from hibernate_sequence for update
Hibernate: update hibernate_sequence set next_val= ? where next_val=?
Hibernate: insert into invoices (invoice_number, id) values (?, ?)
Hibernate: insert into product (product_name, id) values (?, ?)
Hibernate: insert into items (invoice_id, price, product_id, quantity, value, id) values (?, ?, ?, ?, ?, ?)
Hibernate: insert into product (product_name, id) values (?, ?)
Hibernate: insert into items (invoice_id, price, product_id, quantity, value, id) values (?, ?, ?, ?, ?, ?)
Hibernate: update items set invoice_id=? where id=?
Hibernate: update items set invoice_id=? where id=?
Hibernate: select count(*) as col_0_0_ from product product0_
Hibernate: select count(*) as col_0_0_ from items item0_
Hibernate: select count(*) as col_0_0_ from invoices invoice0_
Hibernate: select product0_.id as id1_5_, product0_.product_name as product_2_5_ from product product0_
Hibernate: select itemlist0_.product_id as product_1_6_0_, itemlist0_.item_list_id as item_lis2_6_0_, item1_.id as id1_3_1_, item1_.invoice_id as invoice_5_3_1_, item1_.price as price2_3_1_, item1_.product_id as product_6_3_1_, item1_.quantity as quantity3_3_1_, item1_.value as value4_3_1_, invoice2_.id as id1_2_2_, invoice2_.invoice_number as invoice_2_2_2_, product3_.id as id1_5_3_, product3_.product_name as product_2_5_3_ from product_item_list itemlist0_ inner join items item1_ on itemlist0_.item_list_id=item1_.id left outer join invoices invoice2_ on item1_.invoice_id=invoice2_.id left outer join product product3_ on item1_.product_id=product3_.id where itemlist0_.product_id=?
Hibernate: select itemlist0_.product_id as product_1_6_0_, itemlist0_.item_list_id as item_lis2_6_0_, item1_.id as id1_3_1_, item1_.invoice_id as invoice_5_3_1_, item1_.price as price2_3_1_, item1_.product_id as product_6_3_1_, item1_.quantity as quantity3_3_1_, item1_.value as value4_3_1_, invoice2_.id as id1_2_2_, invoice2_.invoice_number as invoice_2_2_2_, product3_.id as id1_5_3_, product3_.product_name as product_2_5_3_ from product_item_list itemlist0_ inner join items item1_ on itemlist0_.item_list_id=item1_.id left outer join invoices invoice2_ on item1_.invoice_id=invoice2_.id left outer join product product3_ on item1_.product_id=product3_.id where itemlist0_.product_id=?
Hibernate: delete from product where id=?
Hibernate: delete from product where id=?
Hibernate: select item0_.id as id1_3_, item0_.invoice_id as invoice_5_3_, item0_.price as price2_3_, item0_.product_id as product_6_3_, item0_.quantity as quantity3_3_, item0_.value as value4_3_ from items item0_
Hibernate: select invoice0_.id as id1_2_0_, invoice0_.invoice_number as invoice_2_2_0_ from invoices invoice0_ where invoice0_.id=?
Hibernate: select product0_.id as id1_5_0_, product0_.product_name as product_2_5_0_ from product product0_ where product0_.id=?
]]></system-out>
  <system-err><![CDATA[]]></system-err>
</testsuite>
