<?xml version="1.0" encoding="UTF-8"?>
<testsuite name="com.kodilla.hibernate.KodillaHibernateApplicationTests" tests="1" skipped="0" failures="0" errors="0" timestamp="2019-08-02T20:52:29" hostname="DESKTOP-GJGJAGF" time="0.003">
  <properties/>
  <testcase name="contextLoads" classname="com.kodilla.hibernate.KodillaHibernateApplicationTests" time="0.003"/>
  <system-out><![CDATA[2019-08-02 22:52:29.844  INFO 9792 --- [    Test worker] .b.t.c.SpringBootTestContextBootstrapper : Neither @ContextConfiguration nor @ContextHierarchy found for test class [com.kodilla.hibernate.KodillaHibernateApplicationTests], using SpringBootContextLoader
2019-08-02 22:52:29.844  INFO 9792 --- [    Test worker] o.s.t.c.support.AbstractContextLoader    : Could not detect default resource locations for test class [com.kodilla.hibernate.KodillaHibernateApplicationTests]: no resource found for suffixes {-context.xml, Context.groovy}.
2019-08-02 22:52:29.844  INFO 9792 --- [    Test worker] t.c.s.AnnotationConfigContextLoaderUtils : Could not detect default configuration classes for test class [com.kodilla.hibernate.KodillaHibernateApplicationTests]: KodillaHibernateApplicationTests does not declare any static, non-private, non-final, nested classes annotated with @Configuration.
2019-08-02 22:52:29.844  INFO 9792 --- [    Test worker] .b.t.c.SpringBootTestContextBootstrapper : Found @SpringBootConfiguration com.kodilla.hibernate.KodillaHibernateApplication for test class com.kodilla.hibernate.KodillaHibernateApplicationTests
2019-08-02 22:52:29.844  INFO 9792 --- [    Test worker] .b.t.c.SpringBootTestContextBootstrapper : Loaded default TestExecutionListener class names from location [META-INF/spring.factories]: [org.springframework.boot.test.autoconfigure.restdocs.RestDocsTestExecutionListener, org.springframework.boot.test.autoconfigure.web.client.MockRestServiceServerResetTestExecutionListener, org.springframework.boot.test.autoconfigure.web.servlet.MockMvcPrintOnlyOnFailureTestExecutionListener, org.springframework.boot.test.autoconfigure.web.servlet.WebDriverTestExecutionListener, org.springframework.boot.test.mock.mockito.MockitoTestExecutionListener, org.springframework.boot.test.mock.mockito.ResetMocksTestExecutionListener, org.springframework.test.context.web.ServletTestExecutionListener, org.springframework.test.context.support.DirtiesContextBeforeModesTestExecutionListener, org.springframework.test.context.support.DependencyInjectionTestExecutionListener, org.springframework.test.context.support.DirtiesContextTestExecutionListener, org.springframework.test.context.transaction.TransactionalTestExecutionListener, org.springframework.test.context.jdbc.SqlScriptsTestExecutionListener]
2019-08-02 22:52:29.844  INFO 9792 --- [    Test worker] .b.t.c.SpringBootTestContextBootstrapper : Using TestExecutionListeners: [org.springframework.test.context.support.DirtiesContextBeforeModesTestExecutionListener@6327860d, org.springframework.boot.test.mock.mockito.MockitoTestExecutionListener@6b99483d, org.springframework.boot.test.autoconfigure.SpringBootDependencyInjectionTestExecutionListener@5a5c0fa7, org.springframework.test.context.support.DirtiesContextTestExecutionListener@4a0cad5a, org.springframework.test.context.transaction.TransactionalTestExecutionListener@15445df8, org.springframework.test.context.jdbc.SqlScriptsTestExecutionListener@343d27cd, org.springframework.boot.test.autoconfigure.restdocs.RestDocsTestExecutionListener@e2627da, org.springframework.boot.test.autoconfigure.web.client.MockRestServiceServerResetTestExecutionListener@216f2d39, org.springframework.boot.test.autoconfigure.web.servlet.MockMvcPrintOnlyOnFailureTestExecutionListener@16f30f71, org.springframework.boot.test.autoconfigure.web.servlet.WebDriverTestExecutionListener@4bad512d, org.springframework.boot.test.mock.mockito.ResetMocksTestExecutionListener@740aa775]
]]></system-out>
  <system-err><![CDATA[]]></system-err>
</testsuite>
