<?xml version="1.0" encoding="UTF-8"?>
<testsuite name="com.kodilla.hibernate.task.dao.TaskFinancialDetailsDaoTestSuite" tests="1" skipped="0" failures="0" errors="0" timestamp="2019-09-11T18:53:20" hostname="DESKTOP-GJGJAGF" time="0.037">
  <properties/>
  <testcase name="testFindByPaid" classname="com.kodilla.hibernate.task.dao.TaskFinancialDetailsDaoTestSuite" time="0.037"/>
  <system-out><![CDATA[2019-09-11 20:53:20.803  INFO 1676 --- [    Test worker] .b.t.c.SpringBootTestContextBootstrapper : Neither @ContextConfiguration nor @ContextHierarchy found for test class [com.kodilla.hibernate.task.dao.TaskFinancialDetailsDaoTestSuite], using SpringBootContextLoader
2019-09-11 20:53:20.803  INFO 1676 --- [    Test worker] o.s.t.c.support.AbstractContextLoader    : Could not detect default resource locations for test class [com.kodilla.hibernate.task.dao.TaskFinancialDetailsDaoTestSuite]: no resource found for suffixes {-context.xml, Context.groovy}.
2019-09-11 20:53:20.803  INFO 1676 --- [    Test worker] t.c.s.AnnotationConfigContextLoaderUtils : Could not detect default configuration classes for test class [com.kodilla.hibernate.task.dao.TaskFinancialDetailsDaoTestSuite]: TaskFinancialDetailsDaoTestSuite does not declare any static, non-private, non-final, nested classes annotated with @Configuration.
2019-09-11 20:53:20.803  INFO 1676 --- [    Test worker] .b.t.c.SpringBootTestContextBootstrapper : Found @SpringBootConfiguration com.kodilla.hibernate.KodillaHibernateApplication for test class com.kodilla.hibernate.task.dao.TaskFinancialDetailsDaoTestSuite
2019-09-11 20:53:20.803  INFO 1676 --- [    Test worker] .b.t.c.SpringBootTestContextBootstrapper : Loaded default TestExecutionListener class names from location [META-INF/spring.factories]: [org.springframework.boot.test.autoconfigure.restdocs.RestDocsTestExecutionListener, org.springframework.boot.test.autoconfigure.web.client.MockRestServiceServerResetTestExecutionListener, org.springframework.boot.test.autoconfigure.web.servlet.MockMvcPrintOnlyOnFailureTestExecutionListener, org.springframework.boot.test.autoconfigure.web.servlet.WebDriverTestExecutionListener, org.springframework.boot.test.mock.mockito.MockitoTestExecutionListener, org.springframework.boot.test.mock.mockito.ResetMocksTestExecutionListener, org.springframework.test.context.web.ServletTestExecutionListener, org.springframework.test.context.support.DirtiesContextBeforeModesTestExecutionListener, org.springframework.test.context.support.DependencyInjectionTestExecutionListener, org.springframework.test.context.support.DirtiesContextTestExecutionListener, org.springframework.test.context.transaction.TransactionalTestExecutionListener, org.springframework.test.context.jdbc.SqlScriptsTestExecutionListener]
2019-09-11 20:53:20.803  INFO 1676 --- [    Test worker] .b.t.c.SpringBootTestContextBootstrapper : Using TestExecutionListeners: [org.springframework.test.context.support.DirtiesContextBeforeModesTestExecutionListener@4d33b414, org.springframework.boot.test.mock.mockito.MockitoTestExecutionListener@7532e38c, org.springframework.boot.test.autoconfigure.SpringBootDependencyInjectionTestExecutionListener@11551c4b, org.springframework.test.context.support.DirtiesContextTestExecutionListener@2382a396, org.springframework.test.context.transaction.TransactionalTestExecutionListener@73c120e6, org.springframework.test.context.jdbc.SqlScriptsTestExecutionListener@110d9391, org.springframework.boot.test.autoconfigure.restdocs.RestDocsTestExecutionListener@288362bf, org.springframework.boot.test.autoconfigure.web.client.MockRestServiceServerResetTestExecutionListener@1e2bea2a, org.springframework.boot.test.autoconfigure.web.servlet.MockMvcPrintOnlyOnFailureTestExecutionListener@64173f19, org.springframework.boot.test.autoconfigure.web.servlet.WebDriverTestExecutionListener@19fba911, org.springframework.boot.test.mock.mockito.ResetMocksTestExecutionListener@2a5eb60b]
Hibernate: select next_val as id_val from hibernate_sequence for update
Hibernate: update hibernate_sequence set next_val= ? where next_val=?
Hibernate: insert into tasks_financial (paid, price, id) values (?, ?, ?)
Hibernate: select taskfinanc0_.id as id1_11_, taskfinanc0_.paid as paid2_11_, taskfinanc0_.price as price3_11_ from tasks_financial taskfinanc0_ where taskfinanc0_.paid=?
Hibernate: select taskfinanc0_.id as id1_11_0_, taskfinanc0_.paid as paid2_11_0_, taskfinanc0_.price as price3_11_0_ from tasks_financial taskfinanc0_ where taskfinanc0_.id=?
Hibernate: delete from tasks_financial where id=?
]]></system-out>
  <system-err><![CDATA[]]></system-err>
</testsuite>
