<?xml version="1.0" encoding="UTF-8"?>
<testsuite name="com.kodilla.hibernate.tasklist.dao.TaskListDaoTestSuite" tests="3" skipped="0" failures="0" errors="0" timestamp="2019-08-03T12:49:24" hostname="DESKTOP-GJGJAGF" time="0.301">
  <properties/>
  <testcase name="testNamedQueries" classname="com.kodilla.hibernate.tasklist.dao.TaskListDaoTestSuite" time="0.198"/>
  <testcase name="testTaskListDaoSaveWithTasks" classname="com.kodilla.hibernate.tasklist.dao.TaskListDaoTestSuite" time="0.074"/>
  <testcase name="testFindByListName" classname="com.kodilla.hibernate.tasklist.dao.TaskListDaoTestSuite" time="0.026"/>
  <system-out><![CDATA[2019-08-03 14:49:24.798  INFO 3800 --- [    Test worker] .b.t.c.SpringBootTestContextBootstrapper : Neither @ContextConfiguration nor @ContextHierarchy found for test class [com.kodilla.hibernate.tasklist.dao.TaskListDaoTestSuite], using SpringBootContextLoader
2019-08-03 14:49:24.798  INFO 3800 --- [    Test worker] o.s.t.c.support.AbstractContextLoader    : Could not detect default resource locations for test class [com.kodilla.hibernate.tasklist.dao.TaskListDaoTestSuite]: no resource found for suffixes {-context.xml, Context.groovy}.
2019-08-03 14:49:24.798  INFO 3800 --- [    Test worker] t.c.s.AnnotationConfigContextLoaderUtils : Could not detect default configuration classes for test class [com.kodilla.hibernate.tasklist.dao.TaskListDaoTestSuite]: TaskListDaoTestSuite does not declare any static, non-private, non-final, nested classes annotated with @Configuration.
2019-08-03 14:49:24.814  INFO 3800 --- [    Test worker] .b.t.c.SpringBootTestContextBootstrapper : Found @SpringBootConfiguration com.kodilla.hibernate.KodillaHibernateApplication for test class com.kodilla.hibernate.tasklist.dao.TaskListDaoTestSuite
2019-08-03 14:49:24.814  INFO 3800 --- [    Test worker] .b.t.c.SpringBootTestContextBootstrapper : Loaded default TestExecutionListener class names from location [META-INF/spring.factories]: [org.springframework.boot.test.autoconfigure.restdocs.RestDocsTestExecutionListener, org.springframework.boot.test.autoconfigure.web.client.MockRestServiceServerResetTestExecutionListener, org.springframework.boot.test.autoconfigure.web.servlet.MockMvcPrintOnlyOnFailureTestExecutionListener, org.springframework.boot.test.autoconfigure.web.servlet.WebDriverTestExecutionListener, org.springframework.boot.test.mock.mockito.MockitoTestExecutionListener, org.springframework.boot.test.mock.mockito.ResetMocksTestExecutionListener, org.springframework.test.context.web.ServletTestExecutionListener, org.springframework.test.context.support.DirtiesContextBeforeModesTestExecutionListener, org.springframework.test.context.support.DependencyInjectionTestExecutionListener, org.springframework.test.context.support.DirtiesContextTestExecutionListener, org.springframework.test.context.transaction.TransactionalTestExecutionListener, org.springframework.test.context.jdbc.SqlScriptsTestExecutionListener]
2019-08-03 14:49:24.814  INFO 3800 --- [    Test worker] .b.t.c.SpringBootTestContextBootstrapper : Using TestExecutionListeners: [org.springframework.test.context.support.DirtiesContextBeforeModesTestExecutionListener@344a3cb2, org.springframework.boot.test.mock.mockito.MockitoTestExecutionListener@7425b0cb, org.springframework.boot.test.autoconfigure.SpringBootDependencyInjectionTestExecutionListener@15de245, org.springframework.test.context.support.DirtiesContextTestExecutionListener@5964d56f, org.springframework.test.context.transaction.TransactionalTestExecutionListener@3caecd5d, org.springframework.test.context.jdbc.SqlScriptsTestExecutionListener@655491eb, org.springframework.boot.test.autoconfigure.restdocs.RestDocsTestExecutionListener@bf508ce, org.springframework.boot.test.autoconfigure.web.client.MockRestServiceServerResetTestExecutionListener@74c56b72, org.springframework.boot.test.autoconfigure.web.servlet.MockMvcPrintOnlyOnFailureTestExecutionListener@3ecb9492, org.springframework.boot.test.autoconfigure.web.servlet.WebDriverTestExecutionListener@7f518169, org.springframework.boot.test.mock.mockito.ResetMocksTestExecutionListener@5c414535]
Hibernate: select next_val as id_val from hibernate_sequence for update
Hibernate: update hibernate_sequence set next_val= ? where next_val=?
Hibernate: select next_val as id_val from hibernate_sequence for update
Hibernate: update hibernate_sequence set next_val= ? where next_val=?
Hibernate: select next_val as id_val from hibernate_sequence for update
Hibernate: update hibernate_sequence set next_val= ? where next_val=?
Hibernate: select next_val as id_val from hibernate_sequence for update
Hibernate: update hibernate_sequence set next_val= ? where next_val=?
Hibernate: select next_val as id_val from hibernate_sequence for update
Hibernate: update hibernate_sequence set next_val= ? where next_val=?
Hibernate: select next_val as id_val from hibernate_sequence for update
Hibernate: update hibernate_sequence set next_val= ? where next_val=?
Hibernate: select next_val as id_val from hibernate_sequence for update
Hibernate: update hibernate_sequence set next_val= ? where next_val=?
Hibernate: select next_val as id_val from hibernate_sequence for update
Hibernate: update hibernate_sequence set next_val= ? where next_val=?
Hibernate: select next_val as id_val from hibernate_sequence for update
Hibernate: update hibernate_sequence set next_val= ? where next_val=?
Hibernate: insert into taskslist (description, listname, id) values (?, ?, ?)
Hibernate: insert into tasks_financial (paid, price, id) values (?, ?, ?)
Hibernate: insert into tasks (created, description, duration, tasks_financial_id, tasklist_id, id) values (?, ?, ?, ?, ?, ?)
Hibernate: insert into tasks_financial (paid, price, id) values (?, ?, ?)
Hibernate: insert into tasks (created, description, duration, tasks_financial_id, tasklist_id, id) values (?, ?, ?, ?, ?, ?)
Hibernate: insert into tasks_financial (paid, price, id) values (?, ?, ?)
Hibernate: insert into tasks (created, description, duration, tasks_financial_id, tasklist_id, id) values (?, ?, ?, ?, ?, ?)
Hibernate: insert into tasks_financial (paid, price, id) values (?, ?, ?)
Hibernate: insert into tasks (created, description, duration, tasks_financial_id, tasklist_id, id) values (?, ?, ?, ?, ?, ?)
Hibernate: select task0_.id as id1_7_, task0_.created as created2_7_, task0_.description as descript3_7_, task0_.duration as duration4_7_, task0_.tasks_financial_id as tasks_fi5_7_, task0_.tasklist_id as tasklist6_7_ from tasks task0_ where task0_.duration>10
Hibernate: select taskfinanc0_.id as id1_8_0_, taskfinanc0_.paid as paid2_8_0_, taskfinanc0_.price as price3_8_0_ from tasks_financial taskfinanc0_ where taskfinanc0_.id=?
Hibernate: select tasklist0_.id as id1_9_0_, tasklist0_.description as descript2_9_0_, tasklist0_.listname as listname3_9_0_ from taskslist tasklist0_ where tasklist0_.id=?
Hibernate: select task0_.id as id1_7_, task0_.created as created2_7_, task0_.description as descript3_7_, task0_.duration as duration4_7_, task0_.tasks_financial_id as tasks_fi5_7_, task0_.tasklist_id as tasklist6_7_ from tasks task0_ where task0_.duration<=10
Hibernate: select taskfinanc0_.id as id1_8_0_, taskfinanc0_.paid as paid2_8_0_, taskfinanc0_.price as price3_8_0_ from tasks_financial taskfinanc0_ where taskfinanc0_.id=?
Hibernate: select tasklist0_.id as id1_9_0_, tasklist0_.description as descript2_9_0_, tasklist0_.listname as listname3_9_0_ from taskslist tasklist0_ where tasklist0_.id=?
Hibernate: select taskfinanc0_.id as id1_8_0_, taskfinanc0_.paid as paid2_8_0_, taskfinanc0_.price as price3_8_0_ from tasks_financial taskfinanc0_ where taskfinanc0_.id=?
Hibernate: select taskfinanc0_.id as id1_8_0_, taskfinanc0_.paid as paid2_8_0_, taskfinanc0_.price as price3_8_0_ from tasks_financial taskfinanc0_ where taskfinanc0_.id=?
Hibernate: SELECT *FROM TASKS WHERE DATEDIFF(DATE_ADD( CREATED, INTERVAL DURATION DAY), NOW())>5
Hibernate: select taskfinanc0_.id as id1_8_0_, taskfinanc0_.paid as paid2_8_0_, taskfinanc0_.price as price3_8_0_ from tasks_financial taskfinanc0_ where taskfinanc0_.id=?
Hibernate: select tasklist0_.id as id1_9_0_, tasklist0_.description as descript2_9_0_, tasklist0_.listname as listname3_9_0_ from taskslist tasklist0_ where tasklist0_.id=?
Hibernate: select taskfinanc0_.id as id1_8_0_, taskfinanc0_.paid as paid2_8_0_, taskfinanc0_.price as price3_8_0_ from tasks_financial taskfinanc0_ where taskfinanc0_.id=?
Hibernate: select taskfinanc0_.id as id1_8_0_, taskfinanc0_.paid as paid2_8_0_, taskfinanc0_.price as price3_8_0_ from tasks_financial taskfinanc0_ where taskfinanc0_.id=?
Hibernate: select task0_.id as id1_7_, task0_.created as created2_7_, task0_.description as descript3_7_, task0_.duration as duration4_7_, task0_.tasks_financial_id as tasks_fi5_7_, task0_.tasklist_id as tasklist6_7_ from tasks task0_ where task0_.duration>?
Hibernate: select taskfinanc0_.id as id1_8_0_, taskfinanc0_.paid as paid2_8_0_, taskfinanc0_.price as price3_8_0_ from tasks_financial taskfinanc0_ where taskfinanc0_.id=?
Hibernate: select tasklist0_.id as id1_9_0_, tasklist0_.description as descript2_9_0_, tasklist0_.listname as listname3_9_0_ from taskslist tasklist0_ where tasklist0_.id=?
Hibernate: select taskfinanc0_.id as id1_8_0_, taskfinanc0_.paid as paid2_8_0_, taskfinanc0_.price as price3_8_0_ from tasks_financial taskfinanc0_ where taskfinanc0_.id=?
Hibernate: select tasklist0_.id as id1_9_0_, tasklist0_.description as descript2_9_0_, tasklist0_.listname as listname3_9_0_ from taskslist tasklist0_ where tasklist0_.id=?
Hibernate: select tasks0_.tasklist_id as tasklist6_7_0_, tasks0_.id as id1_7_0_, task1_.id as id1_7_1_, task1_.created as created2_7_1_, task1_.description as descript3_7_1_, task1_.duration as duration4_7_1_, task1_.tasks_financial_id as tasks_fi5_7_1_, task1_.tasklist_id as tasklist6_7_1_, taskfinanc2_.id as id1_8_2_, taskfinanc2_.paid as paid2_8_2_, taskfinanc2_.price as price3_8_2_ from tasks tasks0_ inner join tasks task1_ on tasks0_.id=task1_.id left outer join tasks_financial taskfinanc2_ on task1_.tasks_financial_id=taskfinanc2_.id where tasks0_.tasklist_id=?
Hibernate: delete from tasks where id=?
Hibernate: delete from tasks_financial where id=?
Hibernate: delete from tasks where id=?
Hibernate: delete from tasks_financial where id=?
Hibernate: delete from tasks where id=?
Hibernate: delete from tasks_financial where id=?
Hibernate: delete from tasks where id=?
Hibernate: delete from tasks_financial where id=?
Hibernate: delete from taskslist where id=?
Hibernate: select next_val as id_val from hibernate_sequence for update
Hibernate: update hibernate_sequence set next_val= ? where next_val=?
Hibernate: select next_val as id_val from hibernate_sequence for update
Hibernate: update hibernate_sequence set next_val= ? where next_val=?
Hibernate: select next_val as id_val from hibernate_sequence for update
Hibernate: update hibernate_sequence set next_val= ? where next_val=?
Hibernate: select next_val as id_val from hibernate_sequence for update
Hibernate: update hibernate_sequence set next_val= ? where next_val=?
Hibernate: select next_val as id_val from hibernate_sequence for update
Hibernate: update hibernate_sequence set next_val= ? where next_val=?
Hibernate: insert into taskslist (description, listname, id) values (?, ?, ?)
Hibernate: insert into tasks_financial (paid, price, id) values (?, ?, ?)
Hibernate: insert into tasks (created, description, duration, tasks_financial_id, tasklist_id, id) values (?, ?, ?, ?, ?, ?)
Hibernate: insert into tasks_financial (paid, price, id) values (?, ?, ?)
Hibernate: insert into tasks (created, description, duration, tasks_financial_id, tasklist_id, id) values (?, ?, ?, ?, ?, ?)
Hibernate: select tasklist0_.id as id1_9_0_, tasklist0_.description as descript2_9_0_, tasklist0_.listname as listname3_9_0_ from taskslist tasklist0_ where tasklist0_.id=?
Hibernate: select tasks0_.tasklist_id as tasklist6_7_0_, tasks0_.id as id1_7_0_, task1_.id as id1_7_1_, task1_.created as created2_7_1_, task1_.description as descript3_7_1_, task1_.duration as duration4_7_1_, task1_.tasks_financial_id as tasks_fi5_7_1_, task1_.tasklist_id as tasklist6_7_1_, taskfinanc2_.id as id1_8_2_, taskfinanc2_.paid as paid2_8_2_, taskfinanc2_.price as price3_8_2_ from tasks tasks0_ inner join tasks task1_ on tasks0_.id=task1_.id left outer join tasks_financial taskfinanc2_ on task1_.tasks_financial_id=taskfinanc2_.id where tasks0_.tasklist_id=?
Hibernate: delete from tasks where id=?
Hibernate: delete from tasks_financial where id=?
Hibernate: delete from tasks where id=?
Hibernate: delete from tasks_financial where id=?
Hibernate: delete from taskslist where id=?
Hibernate: select next_val as id_val from hibernate_sequence for update
Hibernate: update hibernate_sequence set next_val= ? where next_val=?
Hibernate: insert into taskslist (description, listname, id) values (?, ?, ?)
Hibernate: select tasklist0_.id as id1_9_, tasklist0_.description as descript2_9_, tasklist0_.listname as listname3_9_ from taskslist tasklist0_ where tasklist0_.listname=?
Hibernate: select tasklist0_.id as id1_9_0_, tasklist0_.description as descript2_9_0_, tasklist0_.listname as listname3_9_0_ from taskslist tasklist0_ where tasklist0_.id=?
Hibernate: select tasks0_.tasklist_id as tasklist6_7_0_, tasks0_.id as id1_7_0_, task1_.id as id1_7_1_, task1_.created as created2_7_1_, task1_.description as descript3_7_1_, task1_.duration as duration4_7_1_, task1_.tasks_financial_id as tasks_fi5_7_1_, task1_.tasklist_id as tasklist6_7_1_, taskfinanc2_.id as id1_8_2_, taskfinanc2_.paid as paid2_8_2_, taskfinanc2_.price as price3_8_2_ from tasks tasks0_ inner join tasks task1_ on tasks0_.id=task1_.id left outer join tasks_financial taskfinanc2_ on task1_.tasks_financial_id=taskfinanc2_.id where tasks0_.tasklist_id=?
Hibernate: delete from taskslist where id=?
]]></system-out>
  <system-err><![CDATA[]]></system-err>
</testsuite>
