<?xml version="1.0" encoding="UTF-8"?>
<testsuite name="com.kodilla.hibernate.task.dao.TaskDaoTestSuite" tests="3" skipped="0" failures="0" errors="0" timestamp="2019-09-11T18:53:20" hostname="DESKTOP-GJGJAGF" time="0.089">
  <properties/>
  <testcase name="testTaskDaoFindByDuration" classname="com.kodilla.hibernate.task.dao.TaskDaoTestSuite" time="0.048"/>
  <testcase name="testTaskDaoSave" classname="com.kodilla.hibernate.task.dao.TaskDaoTestSuite" time="0.026"/>
  <testcase name="testTaskDaoSaveWithFinancialDetails" classname="com.kodilla.hibernate.task.dao.TaskDaoTestSuite" time="0.013"/>
  <system-out><![CDATA[2019-09-11 20:53:20.678  INFO 1676 --- [    Test worker] .b.t.c.SpringBootTestContextBootstrapper : Neither @ContextConfiguration nor @ContextHierarchy found for test class [com.kodilla.hibernate.task.dao.TaskDaoTestSuite], using SpringBootContextLoader
2019-09-11 20:53:20.678  INFO 1676 --- [    Test worker] o.s.t.c.support.AbstractContextLoader    : Could not detect default resource locations for test class [com.kodilla.hibernate.task.dao.TaskDaoTestSuite]: no resource found for suffixes {-context.xml, Context.groovy}.
2019-09-11 20:53:20.678  INFO 1676 --- [    Test worker] t.c.s.AnnotationConfigContextLoaderUtils : Could not detect default configuration classes for test class [com.kodilla.hibernate.task.dao.TaskDaoTestSuite]: TaskDaoTestSuite does not declare any static, non-private, non-final, nested classes annotated with @Configuration.
2019-09-11 20:53:20.694  INFO 1676 --- [    Test worker] .b.t.c.SpringBootTestContextBootstrapper : Found @SpringBootConfiguration com.kodilla.hibernate.KodillaHibernateApplication for test class com.kodilla.hibernate.task.dao.TaskDaoTestSuite
2019-09-11 20:53:20.694  INFO 1676 --- [    Test worker] .b.t.c.SpringBootTestContextBootstrapper : Loaded default TestExecutionListener class names from location [META-INF/spring.factories]: [org.springframework.boot.test.autoconfigure.restdocs.RestDocsTestExecutionListener, org.springframework.boot.test.autoconfigure.web.client.MockRestServiceServerResetTestExecutionListener, org.springframework.boot.test.autoconfigure.web.servlet.MockMvcPrintOnlyOnFailureTestExecutionListener, org.springframework.boot.test.autoconfigure.web.servlet.WebDriverTestExecutionListener, org.springframework.boot.test.mock.mockito.MockitoTestExecutionListener, org.springframework.boot.test.mock.mockito.ResetMocksTestExecutionListener, org.springframework.test.context.web.ServletTestExecutionListener, org.springframework.test.context.support.DirtiesContextBeforeModesTestExecutionListener, org.springframework.test.context.support.DependencyInjectionTestExecutionListener, org.springframework.test.context.support.DirtiesContextTestExecutionListener, org.springframework.test.context.transaction.TransactionalTestExecutionListener, org.springframework.test.context.jdbc.SqlScriptsTestExecutionListener]
2019-09-11 20:53:20.709  INFO 1676 --- [    Test worker] .b.t.c.SpringBootTestContextBootstrapper : Using TestExecutionListeners: [org.springframework.test.context.support.DirtiesContextBeforeModesTestExecutionListener@21c29ab7, org.springframework.boot.test.mock.mockito.MockitoTestExecutionListener@5d29ff16, org.springframework.boot.test.autoconfigure.SpringBootDependencyInjectionTestExecutionListener@6a74388b, org.springframework.test.context.support.DirtiesContextTestExecutionListener@422c5a9d, org.springframework.test.context.transaction.TransactionalTestExecutionListener@770e774d, org.springframework.test.context.jdbc.SqlScriptsTestExecutionListener@65cdf7f5, org.springframework.boot.test.autoconfigure.restdocs.RestDocsTestExecutionListener@2e363ba7, org.springframework.boot.test.autoconfigure.web.client.MockRestServiceServerResetTestExecutionListener@e6e644e, org.springframework.boot.test.autoconfigure.web.servlet.MockMvcPrintOnlyOnFailureTestExecutionListener@a5eced1, org.springframework.boot.test.autoconfigure.web.servlet.WebDriverTestExecutionListener@a6f230, org.springframework.boot.test.mock.mockito.ResetMocksTestExecutionListener@1f521a80]
Hibernate: select next_val as id_val from hibernate_sequence for update
Hibernate: update hibernate_sequence set next_val= ? where next_val=?
Hibernate: insert into tasks (created, description, duration, tasks_financial_id, tasklist_id, id) values (?, ?, ?, ?, ?, ?)
Hibernate: select task0_.id as id1_10_, task0_.created as created2_10_, task0_.description as descript3_10_, task0_.duration as duration4_10_, task0_.tasks_financial_id as tasks_fi5_10_, task0_.tasklist_id as tasklist6_10_ from tasks task0_ where task0_.duration=?
Hibernate: select task0_.id as id1_10_0_, task0_.created as created2_10_0_, task0_.description as descript3_10_0_, task0_.duration as duration4_10_0_, task0_.tasks_financial_id as tasks_fi5_10_0_, task0_.tasklist_id as tasklist6_10_0_, taskfinanc1_.id as id1_11_1_, taskfinanc1_.paid as paid2_11_1_, taskfinanc1_.price as price3_11_1_, tasklist2_.id as id1_12_2_, tasklist2_.description as descript2_12_2_, tasklist2_.listname as listname3_12_2_ from tasks task0_ left outer join tasks_financial taskfinanc1_ on task0_.tasks_financial_id=taskfinanc1_.id left outer join taskslist tasklist2_ on task0_.tasklist_id=tasklist2_.id where task0_.id=?
Hibernate: delete from tasks where id=?
Hibernate: select next_val as id_val from hibernate_sequence for update
Hibernate: update hibernate_sequence set next_val= ? where next_val=?
Hibernate: insert into tasks (created, description, duration, tasks_financial_id, tasklist_id, id) values (?, ?, ?, ?, ?, ?)
Hibernate: select task0_.id as id1_10_0_, task0_.created as created2_10_0_, task0_.description as descript3_10_0_, task0_.duration as duration4_10_0_, task0_.tasks_financial_id as tasks_fi5_10_0_, task0_.tasklist_id as tasklist6_10_0_, taskfinanc1_.id as id1_11_1_, taskfinanc1_.paid as paid2_11_1_, taskfinanc1_.price as price3_11_1_, tasklist2_.id as id1_12_2_, tasklist2_.description as descript2_12_2_, tasklist2_.listname as listname3_12_2_ from tasks task0_ left outer join tasks_financial taskfinanc1_ on task0_.tasks_financial_id=taskfinanc1_.id left outer join taskslist tasklist2_ on task0_.tasklist_id=tasklist2_.id where task0_.id=?
Hibernate: select task0_.id as id1_10_0_, task0_.created as created2_10_0_, task0_.description as descript3_10_0_, task0_.duration as duration4_10_0_, task0_.tasks_financial_id as tasks_fi5_10_0_, task0_.tasklist_id as tasklist6_10_0_, taskfinanc1_.id as id1_11_1_, taskfinanc1_.paid as paid2_11_1_, taskfinanc1_.price as price3_11_1_, tasklist2_.id as id1_12_2_, tasklist2_.description as descript2_12_2_, tasklist2_.listname as listname3_12_2_ from tasks task0_ left outer join tasks_financial taskfinanc1_ on task0_.tasks_financial_id=taskfinanc1_.id left outer join taskslist tasklist2_ on task0_.tasklist_id=tasklist2_.id where task0_.id=?
Hibernate: delete from tasks where id=?
Hibernate: select next_val as id_val from hibernate_sequence for update
Hibernate: update hibernate_sequence set next_val= ? where next_val=?
Hibernate: insert into tasks (created, description, duration, tasks_financial_id, tasklist_id, id) values (?, ?, ?, ?, ?, ?)
]]></system-out>
  <system-err><![CDATA[]]></system-err>
</testsuite>
