<?xml version="1.0" encoding="UTF-8"?>
<testsuite name="com.kodilla.hibernate.tasklist.dao.TaskListDaoTestSuite" tests="1" skipped="0" failures="0" errors="0" timestamp="2019-08-01T16:36:05" hostname="DESKTOP-GJGJAGF" time="0.044">
  <properties/>
  <testcase name="testFindByListName" classname="com.kodilla.hibernate.tasklist.dao.TaskListDaoTestSuite" time="0.044"/>
  <system-out><![CDATA[2019-08-01 18:36:05.551  INFO 14480 --- [    Test worker] .b.t.c.SpringBootTestContextBootstrapper : Neither @ContextConfiguration nor @ContextHierarchy found for test class [com.kodilla.hibernate.tasklist.dao.TaskListDaoTestSuite], using SpringBootContextLoader
2019-08-01 18:36:05.551  INFO 14480 --- [    Test worker] o.s.t.c.support.AbstractContextLoader    : Could not detect default resource locations for test class [com.kodilla.hibernate.tasklist.dao.TaskListDaoTestSuite]: no resource found for suffixes {-context.xml, Context.groovy}.
2019-08-01 18:36:05.551  INFO 14480 --- [    Test worker] t.c.s.AnnotationConfigContextLoaderUtils : Could not detect default configuration classes for test class [com.kodilla.hibernate.tasklist.dao.TaskListDaoTestSuite]: TaskListDaoTestSuite does not declare any static, non-private, non-final, nested classes annotated with @Configuration.
2019-08-01 18:36:05.567  INFO 14480 --- [    Test worker] .b.t.c.SpringBootTestContextBootstrapper : Found @SpringBootConfiguration com.kodilla.hibernate.KodillaHibernateApplication for test class com.kodilla.hibernate.tasklist.dao.TaskListDaoTestSuite
2019-08-01 18:36:05.573  INFO 14480 --- [    Test worker] .b.t.c.SpringBootTestContextBootstrapper : Loaded default TestExecutionListener class names from location [META-INF/spring.factories]: [org.springframework.boot.test.autoconfigure.restdocs.RestDocsTestExecutionListener, org.springframework.boot.test.autoconfigure.web.client.MockRestServiceServerResetTestExecutionListener, org.springframework.boot.test.autoconfigure.web.servlet.MockMvcPrintOnlyOnFailureTestExecutionListener, org.springframework.boot.test.autoconfigure.web.servlet.WebDriverTestExecutionListener, org.springframework.boot.test.mock.mockito.MockitoTestExecutionListener, org.springframework.boot.test.mock.mockito.ResetMocksTestExecutionListener, org.springframework.test.context.web.ServletTestExecutionListener, org.springframework.test.context.support.DirtiesContextBeforeModesTestExecutionListener, org.springframework.test.context.support.DependencyInjectionTestExecutionListener, org.springframework.test.context.support.DirtiesContextTestExecutionListener, org.springframework.test.context.transaction.TransactionalTestExecutionListener, org.springframework.test.context.jdbc.SqlScriptsTestExecutionListener]
2019-08-01 18:36:05.573  INFO 14480 --- [    Test worker] .b.t.c.SpringBootTestContextBootstrapper : Using TestExecutionListeners: [org.springframework.test.context.support.DirtiesContextBeforeModesTestExecutionListener@500e997d, org.springframework.boot.test.mock.mockito.MockitoTestExecutionListener@6b87b5c7, org.springframework.boot.test.autoconfigure.SpringBootDependencyInjectionTestExecutionListener@37e74139, org.springframework.test.context.support.DirtiesContextTestExecutionListener@6cde168, org.springframework.test.context.transaction.TransactionalTestExecutionListener@22ac55bd, org.springframework.test.context.jdbc.SqlScriptsTestExecutionListener@7453e5a2, org.springframework.boot.test.autoconfigure.restdocs.RestDocsTestExecutionListener@79b08c98, org.springframework.boot.test.autoconfigure.web.client.MockRestServiceServerResetTestExecutionListener@101fe467, org.springframework.boot.test.autoconfigure.web.servlet.MockMvcPrintOnlyOnFailureTestExecutionListener@50de5a64, org.springframework.boot.test.autoconfigure.web.servlet.WebDriverTestExecutionListener@3b4bcb28, org.springframework.boot.test.mock.mockito.ResetMocksTestExecutionListener@46625495]
Hibernate: select next_val as id_val from hibernate_sequence for update
Hibernate: update hibernate_sequence set next_val= ? where next_val=?
Hibernate: insert into taskslist (description, listname, id) values (?, ?, ?)
Hibernate: select tasklist0_.id as id1_2_, tasklist0_.description as descript2_2_, tasklist0_.listname as listname3_2_ from taskslist tasklist0_ where tasklist0_.listname=?
Hibernate: select tasklist0_.id as id1_2_0_, tasklist0_.description as descript2_2_0_, tasklist0_.listname as listname3_2_0_ from taskslist tasklist0_ where tasklist0_.id=?
Hibernate: delete from taskslist where id=?
]]></system-out>
  <system-err><![CDATA[]]></system-err>
</testsuite>
