<?xml version="1.0" encoding="UTF-8"?>
<testsuite name="LoggerTestSuite" tests="1" skipped="0" failures="0" errors="0" timestamp="2019-07-30T15:17:35" hostname="DESKTOP-GJGJAGF" time="0.002">
  <properties/>
  <testcase name="getLastLogTst" classname="LoggerTestSuite" time="0.002"/>
  <system-out><![CDATA[Starting Test...
before test...
Log: [my first Log]
after test...
Ending Test...
]]></system-out>
  <system-err><![CDATA[]]></system-err>
</testsuite>
