<?xml version="1.0" encoding="UTF-8"?>
<testsuite name="com.kodilla.patterns.prototype.library.LibraryTestSuite" tests="1" skipped="0" failures="0" errors="0" timestamp="2019-07-30T15:17:35" hostname="DESKTOP-GJGJAGF" time="0.007">
  <properties/>
  <testcase name="testGetBooks" classname="com.kodilla.patterns.prototype.library.LibraryTestSuite" time="0.007"/>
  <system-out><![CDATA[Library name=My First Library
Books in library:
[       Book:title=Title10', author='author10', publicationDate=1985-10-20
,        Book:title=Title1', author='author1', publicationDate=1985-10-20
,        Book:title=Title2', author='author2', publicationDate=1985-10-20
,        Book:title=Title3', author='author3', publicationDate=1985-10-20
,        Book:title=Title4', author='author4', publicationDate=1985-10-20
,        Book:title=Title5', author='author5', publicationDate=1985-10-20
,        Book:title=Title6', author='author6', publicationDate=1985-10-20
,        Book:title=Title7', author='author7', publicationDate=1985-10-20
,        Book:title=Title9', author='author9', publicationDate=1985-10-20
]

Library name=Copy of Library
Books in library:
[       Book:title=Title10', author='author10', publicationDate=1985-10-20
,        Book:title=Title1', author='author1', publicationDate=1985-10-20
,        Book:title=Title2', author='author2', publicationDate=1985-10-20
,        Book:title=Title3', author='author3', publicationDate=1985-10-20
,        Book:title=Title4', author='author4', publicationDate=1985-10-20
,        Book:title=Title5', author='author5', publicationDate=1985-10-20
,        Book:title=Title6', author='author6', publicationDate=1985-10-20
,        Book:title=Title7', author='author7', publicationDate=1985-10-20
,        Book:title=Title9', author='author9', publicationDate=1985-10-20
]

Library name=deepCloned Library
Books in library:
[       Book:title=author10', author='Title10', publicationDate=1985-10-20
,        Book:title=author1', author='Title1', publicationDate=1985-10-20
,        Book:title=author2', author='Title2', publicationDate=1985-10-20
,        Book:title=author3', author='Title3', publicationDate=1985-10-20
,        Book:title=author4', author='Title4', publicationDate=1985-10-20
,        Book:title=author5', author='Title5', publicationDate=1985-10-20
,        Book:title=author6', author='Title6', publicationDate=1985-10-20
,        Book:title=author7', author='Title7', publicationDate=1985-10-20
,        Book:title=author8', author='Title8', publicationDate=1985-10-20
,        Book:title=author9', author='Title9', publicationDate=1985-10-20
]

]]></system-out>
  <system-err><![CDATA[]]></system-err>
</testsuite>
