<?xml version="1.0" encoding="UTF-8"?>
<testsuite name="com.kodilla.patterns.builder.pizza.PizzaTestSuite" tests="1" skipped="0" failures="0" errors="0" timestamp="2019-08-01T16:36:07" hostname="DESKTOP-GJGJAGF" time="0.001">
  <properties/>
  <testcase name="testPizzaNew" classname="com.kodilla.patterns.builder.pizza.PizzaTestSuite" time="0.001"/>
  <system-out><![CDATA[Pizza{bottom='Thin', sauce='Spicy', ingredients=[Onion, Ham, Mushrooms, Garlic]}
]]></system-out>
  <system-err><![CDATA[]]></system-err>
</testsuite>
