<?xml version="1.0" encoding="UTF-8"?>
<testsuite name="com.kodilla.patterns.strategy.social.UserTestSuite" tests="2" skipped="0" failures="0" errors="0" timestamp="2019-08-03T12:49:27" hostname="DESKTOP-GJGJAGF" time="0.003">
  <properties/>
  <testcase name="testDefaultSharingStrategies" classname="com.kodilla.patterns.strategy.social.UserTestSuite" time="0.003"/>
  <testcase name="testIndividualSharingStrategy" classname="com.kodilla.patterns.strategy.social.UserTestSuite" time="0.0"/>
  <system-out><![CDATA[Test ist starting...
Steven Smith publish on Facebook
Mark Mitty publish on Twitter
John Deere publish on Snapchat
Test ist starting...
Steven Smith publish on Snapchat
]]></system-out>
  <system-err><![CDATA[]]></system-err>
</testsuite>
