<?xml version="1.0" encoding="UTF-8"?>
<testsuite name="com.kodilla.jdbc.DbManagerTestSuite" tests="3" skipped="0" failures="0" errors="0" timestamp="2019-07-30T15:17:28" hostname="DESKTOP-GJGJAGF" time="0.282">
  <properties/>
  <testcase name="testSelectUsers" classname="com.kodilla.jdbc.DbManagerTestSuite" time="0.272"/>
  <testcase name="testConnect" classname="com.kodilla.jdbc.DbManagerTestSuite" time="0.0"/>
  <testcase name="testSelectUsersAndPosts" classname="com.kodilla.jdbc.DbManagerTestSuite" time="0.009"/>
  <system-out><![CDATA[Starting new test case:
1, John, Smith
2, Zachary, Lee
3, Stephanie, Kovalsky
4, Thomas, Landgren
5, John, Thomson
Starting new test case:
Connection ok!!!
Starting new test case:
2, Zachary, Lee, 3
3, Stephanie, Kovalsky, 3
4, Thomas, Landgren, 3
5, John, Thomson, 3
]]></system-out>
  <system-err><![CDATA[]]></system-err>
</testsuite>
